\BOOKMARK [0][-]{name.0}{Contents}{}% 1
\BOOKMARK [0][-]{chapter.1}{1\040Introduction}{}% 2
\BOOKMARK [1][-]{section.1.1}{1.1 Intentions — what this study is about}{chapter.1}% 3
\BOOKMARK [1][-]{section.1.2}{1.2 Restrictions — what this study is not about}{chapter.1}% 4
\BOOKMARK [1][-]{section.1.3}{1.3\040Structure\040of\040the\040book}{chapter.1}% 5
\BOOKMARK [0][-]{chapter.2}{2\040A\040few\040words\040on\040salience\040and\040exemplar\040theory}{}% 6
\BOOKMARK [1][-]{section.2.1}{2.1\040Salience}{chapter.2}% 7
\BOOKMARK [2][-]{subsection.2.1.1}{2.1.1\040Salience\040and\040circularity}{section.2.1}% 8
\BOOKMARK [2][-]{subsection.2.1.2}{2.1.2\040Cognitive\040vs.\040social\040salience}{section.2.1}% 9
\BOOKMARK [2][-]{subsection.2.1.3}{2.1.3\040Salience\040in\040this\040study}{section.2.1}% 10
\BOOKMARK [1][-]{section.2.2}{2.2\040Exemplar\040theory}{chapter.2}% 11
\BOOKMARK [2][-]{subsection.2.2.1}{2.2.1\040Basic\040principles}{section.2.2}% 12
\BOOKMARK [2][-]{subsection.2.2.2}{2.2.2\040Application\040in\040\(socio-\)linguistics}{section.2.2}% 13
\BOOKMARK [2][-]{subsection.2.2.3}{2.2.3\040Frequency\040and\040salience\040in\040exemplar\040theory}{section.2.2}% 14
\BOOKMARK [1][-]{section.2.3}{2.3\040Summary}{chapter.2}% 15
\BOOKMARK [0][-]{chapter.3}{3\040Awareness,\040comments,\040evaluation}{}% 16
\BOOKMARK [1][-]{section.3.1}{3.1\040Scouse\040and\040`Liverpoolness'}{chapter.3}% 17
\BOOKMARK [2][-]{subsection.3.1.1}{3.1.1\040Accent\040and\040identity}{section.3.1}% 18
\BOOKMARK [2][-]{subsection.3.1.2}{3.1.2\040Distinctness,\040geographical\040spread,\040and\040`plastic'\040Scousers}{section.3.1}% 19
\BOOKMARK [2][-]{subsection.3.1.3}{3.1.3\040In\040the\040north,\040but\040not\040of\040it?}{section.3.1}% 20
\BOOKMARK [1][-]{section.3.2}{3.2\040Features\040of\040Scouse}{chapter.3}% 21
\BOOKMARK [2][-]{subsection.3.2.1}{3.2.1\040Geographical\040variation}{section.3.2}% 22
\BOOKMARK [2][-]{subsection.3.2.2}{3.2.2\040Suprasegmentals}{section.3.2}% 23
\BOOKMARK [3][-]{subsubsection.3.2.2.1}{3.2.2.1\040Voice\040quality}{subsection.3.2.2}% 24
\BOOKMARK [3][-]{subsubsection.3.2.2.2}{3.2.2.2\040Intonation}{subsection.3.2.2}% 25
\BOOKMARK [2][-]{subsection.3.2.3}{3.2.3\040Phonological\040variables}{section.3.2}% 26
\BOOKMARK [3][-]{subsubsection.3.2.3.1}{3.2.3.1\040nurse-square\040merger}{subsection.3.2.3}% 27
\BOOKMARK [3][-]{subsubsection.3.2.3.2}{3.2.3.2\040Lenition\040of\040/k/}{subsection.3.2.3}% 28
\BOOKMARK [1][-]{section.3.3}{3.3\040Evolution\040and\040evaluation\040of\040Scouse}{chapter.3}% 29
\BOOKMARK [2][-]{subsection.3.3.1}{3.3.1\040Old\040speakers}{section.3.3}% 30
\BOOKMARK [3][-]{subsubsection.3.3.1.1}{3.3.1.1\040Increase\040of\040`slovenly\040Scouse'}{subsection.3.3.1}% 31
\BOOKMARK [3][-]{subsubsection.3.3.1.2}{3.3.1.2\040From\040`amiable'\040to\040`grating'}{subsection.3.3.1}% 32
\BOOKMARK [2][-]{subsection.3.3.2}{3.3.2\040Middle-aged\040speakers}{section.3.3}% 33
\BOOKMARK [3][-]{subsubsection.3.3.2.1}{3.3.2.1\040Kids\040so\040Scouse\040it's\040unbelievable}{subsection.3.3.2}% 34
\BOOKMARK [3][-]{subsubsection.3.3.2.2}{3.3.2.2\040From\040`down-to\040earth'\040to\040`thick'}{subsection.3.3.2}% 35
\BOOKMARK [2][-]{subsection.3.3.3}{3.3.3\040Young\040speakers}{section.3.3}% 36
\BOOKMARK [3][-]{subsubsection.3.3.3.1}{3.3.3.1\040A\040matter\040of\040personal\040experience}{subsection.3.3.3}% 37
\BOOKMARK [3][-]{subsubsection.3.3.3.2}{3.3.3.2\040`Unpleasant\040but\040friendly'}{subsection.3.3.3}% 38
\BOOKMARK [0][-]{chapter.4}{4\040Discussion\040\(production\)}{}% 39
\BOOKMARK [1][-]{section.4.1}{4.1\040happy:\040Indicator\040\(of\040northernness\)}{chapter.4}% 40
\BOOKMARK [2][-]{subsection.4.1.1}{4.1.1\040Overall\040age\040differences}{section.4.1}% 41
\BOOKMARK [2][-]{subsection.4.1.2}{4.1.2\040Gender\040and\040class}{section.4.1}% 42
\BOOKMARK [2][-]{subsection.4.1.3}{4.1.3\040Style\040shifting\040and\040awareness}{section.4.1}% 43
\BOOKMARK [2][-]{subsection.4.1.4}{4.1.4\040Classification}{section.4.1}% 44
\BOOKMARK [1][-]{section.4.2}{4.2\040nurse:\040Marker\040to\040stereotype\040and\040back\040again}{chapter.4}% 45
\BOOKMARK [2][-]{subsection.4.2.1}{4.2.1\040Overall\040age\040differences}{section.4.2}% 46
\BOOKMARK [2][-]{subsection.4.2.2}{4.2.2\040Gender\040and\040social\040class}{section.4.2}% 47
\BOOKMARK [2][-]{subsection.4.2.3}{4.2.3\040Style\040shifting\040and\040awareness}{section.4.2}% 48
\BOOKMARK [2][-]{subsection.4.2.4}{4.2.4\040Classification}{section.4.2}% 49
\BOOKMARK [1][-]{section.4.3}{4.3\040Velar\040nasal\040plus:\040Indicator\040with\040prestige\040option}{chapter.4}% 50
\BOOKMARK [2][-]{subsection.4.3.1}{4.3.1\040Age,\040class,\040and\040gender}{section.4.3}% 51
\BOOKMARK [2][-]{subsection.4.3.2}{4.3.2\040Style\040shifting\040and\040awareness}{section.4.3}% 52
\BOOKMARK [2][-]{subsection.4.3.3}{4.3.3\040Classification}{section.4.3}% 53
\BOOKMARK [1][-]{section.4.4}{4.4\040Lenition:\040From\040indicator\040to\040stereotype}{chapter.4}% 54
\BOOKMARK [2][-]{subsection.4.4.1}{4.4.1\040Age}{section.4.4}% 55
\BOOKMARK [2][-]{subsection.4.4.2}{4.4.2\040Gender\040and\040class}{section.4.4}% 56
\BOOKMARK [2][-]{subsection.4.4.3}{4.4.3\040Style\040shifting}{section.4.4}% 57
\BOOKMARK [2][-]{subsection.4.4.4}{4.4.4\040Awareness\040and\040attitudes}{section.4.4}% 58
\BOOKMARK [2][-]{subsection.4.4.5}{4.4.5\040Classification}{section.4.4}% 59
\BOOKMARK [1][-]{section.4.5}{4.5\040Summary}{chapter.4}% 60
\BOOKMARK [0][-]{chapter*.10}{References}{}% 61
\BOOKMARK [0][-]{section*.11}{Index}{}% 62
\BOOKMARK [1][-]{section*.12}{Name\040index}{section*.11}% 63
\BOOKMARK [1][-]{section*.13}{Language\040index}{section*.11}% 64
\BOOKMARK [1][-]{section*.14}{Subject\040index}{section*.11}% 65
